<?xml version="1.0" encoding="UTF-8"?>
<testng-results skipped="0" failed="0" ignored="0" total="2" passed="2">
  <reporter-output>
  </reporter-output>
  <suite name="Default suite" duration-ms="9264" started-at="2021-06-30T15:26:44 CDT" finished-at="2021-06-30T15:26:53 CDT">
    <groups>
    </groups>
    <test name="Default test" duration-ms="9264" started-at="2021-06-30T15:26:44 CDT" finished-at="2021-06-30T15:26:53 CDT">
      <class name="com.techbeamers.LoadTest01">
        <test-method status="PASS" signature="launchBrowser()[pri:0, instance:com.techbeamers.LoadTest01@1a8a8f7c]" name="launchBrowser" is-config="true" duration-ms="5409" started-at="2021-06-30T15:26:44 CDT" finished-at="2021-06-30T15:26:49 CDT">
          <reporter-output>
          </reporter-output>
        </test-method> <!-- launchBrowser -->
        <test-method status="PASS" signature="numberOne()[pri:0, instance:com.techbeamers.LoadTest01@1a8a8f7c]" name="numberOne" duration-ms="424" started-at="2021-06-30T15:26:49 CDT" finished-at="2021-06-30T15:26:50 CDT">
          <reporter-output>
          </reporter-output>
        </test-method> <!-- numberOne -->
        <test-method status="PASS" signature="validateGames()[pri:5, instance:com.techbeamers.LoadTest01@1a8a8f7c]" name="validateGames" duration-ms="2474" started-at="2021-06-30T15:26:50 CDT" finished-at="2021-06-30T15:26:52 CDT">
          <reporter-output>
          </reporter-output>
        </test-method> <!-- validateGames -->
        <test-method status="PASS" signature="CloseBrowser()[pri:0, instance:com.techbeamers.LoadTest01@1a8a8f7c]" name="CloseBrowser" is-config="true" duration-ms="928" started-at="2021-06-30T15:26:52 CDT" finished-at="2021-06-30T15:26:53 CDT">
          <reporter-output>
          </reporter-output>
        </test-method> <!-- CloseBrowser -->
      </class> <!-- com.techbeamers.LoadTest01 -->
    </test> <!-- Default test -->
  </suite> <!-- Default suite -->
</testng-results>
