<?xml version="1.0" encoding="UTF-8"?>
<testng-results skipped="0" failed="0" ignored="0" total="2" passed="2">
  <reporter-output>
  </reporter-output>
  <suite name="Default suite" duration-ms="11837" started-at="2021-06-30T16:16:22 CDT" finished-at="2021-06-30T16:16:34 CDT">
    <groups>
    </groups>
    <test name="Default test" duration-ms="11837" started-at="2021-06-30T16:16:22 CDT" finished-at="2021-06-30T16:16:34 CDT">
      <class name="com.techbeamers.LoadTest01">
        <test-method status="PASS" signature="launchBrowser()[pri:0, instance:com.techbeamers.LoadTest01@5c671d7f]" name="launchBrowser" is-config="true" duration-ms="6251" started-at="2021-06-30T16:16:22 CDT" finished-at="2021-06-30T16:16:28 CDT">
          <reporter-output>
          </reporter-output>
        </test-method> <!-- launchBrowser -->
        <test-method status="PASS" signature="numberOne()[pri:0, instance:com.techbeamers.LoadTest01@5c671d7f]" name="numberOne" duration-ms="367" started-at="2021-06-30T16:16:28 CDT" finished-at="2021-06-30T16:16:29 CDT">
          <reporter-output>
          </reporter-output>
        </test-method> <!-- numberOne -->
        <test-method status="PASS" signature="validateGames()[pri:5, instance:com.techbeamers.LoadTest01@5c671d7f]" name="validateGames" duration-ms="4212" started-at="2021-06-30T16:16:29 CDT" finished-at="2021-06-30T16:16:33 CDT">
          <reporter-output>
          </reporter-output>
        </test-method> <!-- validateGames -->
        <test-method status="PASS" signature="CloseBrowser()[pri:0, instance:com.techbeamers.LoadTest01@5c671d7f]" name="CloseBrowser" is-config="true" duration-ms="978" started-at="2021-06-30T16:16:33 CDT" finished-at="2021-06-30T16:16:34 CDT">
          <reporter-output>
          </reporter-output>
        </test-method> <!-- CloseBrowser -->
      </class> <!-- com.techbeamers.LoadTest01 -->
    </test> <!-- Default test -->
  </suite> <!-- Default suite -->
</testng-results>
